<?xml version="1.0" encoding="UTF-8"?>
<!-- Generated by org.testng.reporters.JUnitXMLReporter -->
<testsuite ignored="0" hostname="B0599.local" failures="0" tests="4" name="Default test" time="5.443" errors="0" timestamp="2023-05-01T03:01:37 IST">
  <testcase classname="automation.api_tests.tests.TestGETMovie" name="testGetTopRatedMovieByAPIKey" time="3.119"/>
  <testcase classname="automation.api_tests.tests.TestGETMovie" name="testGetTopRatedMovieByAPIKeyInvalid" time="0.754"/>
  <testcase classname="automation.api_tests.tests.TestGETMovie" name="testGetTopRatedMovieByToken" time="0.295"/>
  <testcase classname="automation.api_tests.tests.TestGETMovie" name="testNotFound" time="0.472"/>
</testsuite> <!-- Default test -->
