<?xml version="1.0" encoding="UTF-8"?>
<testng-results ignored="0" total="4" passed="4" failed="0" skipped="0">
  <reporter-output>
  </reporter-output>
  <suite started-at="2023-05-01T03:01:31 IST" name="Default suite" finished-at="2023-05-01T03:01:37 IST" duration-ms="5443">
    <groups>
    </groups>
    <test started-at="2023-05-01T03:01:31 IST" name="Default test" finished-at="2023-05-01T03:01:37 IST" duration-ms="5443">
      <class name="automation.api_tests.tests.TestGETMovie">
        <test-method is-config="true" signature="init()[pri:0, instance:automation.api_tests.tests.TestGETMovie@29526c05]" started-at="2023-05-01T03:01:31 IST" name="init" finished-at="2023-05-01T03:01:32 IST" duration-ms="649" status="PASS">
          <reporter-output>
          </reporter-output>
        </test-method> <!-- init -->
        <test-method signature="testGetTopRatedMovieByAPIKey()[pri:0, instance:automation.api_tests.tests.TestGETMovie@29526c05]" started-at="2023-05-01T03:01:32 IST" name="testGetTopRatedMovieByAPIKey" finished-at="2023-05-01T03:01:35 IST" duration-ms="3119" status="PASS">
          <reporter-output>
          </reporter-output>
        </test-method> <!-- testGetTopRatedMovieByAPIKey -->
        <test-method signature="testGetTopRatedMovieByAPIKeyInvalid()[pri:0, instance:automation.api_tests.tests.TestGETMovie@29526c05]" started-at="2023-05-01T03:01:35 IST" name="testGetTopRatedMovieByAPIKeyInvalid" finished-at="2023-05-01T03:01:36 IST" duration-ms="754" status="PASS">
          <reporter-output>
          </reporter-output>
        </test-method> <!-- testGetTopRatedMovieByAPIKeyInvalid -->
        <test-method signature="testGetTopRatedMovieByToken()[pri:0, instance:automation.api_tests.tests.TestGETMovie@29526c05]" started-at="2023-05-01T03:01:36 IST" name="testGetTopRatedMovieByToken" finished-at="2023-05-01T03:01:36 IST" duration-ms="295" status="PASS">
          <reporter-output>
          </reporter-output>
        </test-method> <!-- testGetTopRatedMovieByToken -->
        <test-method signature="testNotFound()[pri:0, instance:automation.api_tests.tests.TestGETMovie@29526c05]" started-at="2023-05-01T03:01:36 IST" name="testNotFound" finished-at="2023-05-01T03:01:37 IST" duration-ms="472" status="PASS">
          <reporter-output>
          </reporter-output>
        </test-method> <!-- testNotFound -->
      </class> <!-- automation.api_tests.tests.TestGETMovie -->
    </test> <!-- Default test -->
  </suite> <!-- Default suite -->
</testng-results>
